2026-05-14 12:48:13 [INFO] jarvis.settings: Logging ready → E:/Projects/JARVIS/logs\jarvis.log  level=INFO
2026-05-14 12:48:13 [INFO] jarvis.main: Initialising JARVIS modules…
2026-05-14 12:48:13 [INFO] comtypes.client._code_cache: Imported existing <module 'comtypes.gen' from 'C:\\Users\\User\\AppData\\Local\\Programs\\Python\\Python312\\Lib\\site-packages\\comtypes\\gen\\__init__.py'>
2026-05-14 12:48:13 [INFO] comtypes.client._code_cache: Using writeable comtypes cache directory: 'C:\Users\User\AppData\Local\Programs\Python\Python312\Lib\site-packages\comtypes\gen'
2026-05-14 12:48:13 [INFO] jarvis.tts: TTS engine ready.
2026-05-14 12:48:13 [INFO] jarvis.listener: Loading Whisper model 'base' …
2026-05-14 12:48:15 [INFO] httpx: HTTP Request: GET https://huggingface.co/api/models/Systran/faster-whisper-base/revision/main "HTTP/1.1 200 OK"
2026-05-14 12:48:15 [INFO] httpx: HTTP Request: HEAD https://huggingface.co/Systran/faster-whisper-base/resolve/ebe41f70d5b6dfa9166e2c581c45c9c0cfc57b66/config.json "HTTP/1.1 307 Temporary Redirect"
2026-05-14 12:48:15 [WARNING] huggingface_hub.utils._http: Warning: You are sending unauthenticated requests to the HF Hub. Please set a HF_TOKEN to enable higher rate limits and faster downloads.
2026-05-14 12:48:15 [INFO] httpx: HTTP Request: HEAD https://huggingface.co/api/resolve-cache/models/Systran/faster-whisper-base/ebe41f70d5b6dfa9166e2c581c45c9c0cfc57b66/config.json "HTTP/1.1 200 OK"
2026-05-14 12:48:15 [INFO] httpx: HTTP Request: HEAD https://huggingface.co/Systran/faster-whisper-base/resolve/ebe41f70d5b6dfa9166e2c581c45c9c0cfc57b66/tokenizer.json "HTTP/1.1 307 Temporary Redirect"
2026-05-14 12:48:15 [INFO] httpx: HTTP Request: HEAD https://huggingface.co/Systran/faster-whisper-base/resolve/ebe41f70d5b6dfa9166e2c581c45c9c0cfc57b66/model.bin "HTTP/1.1 302 Found"
2026-05-14 12:48:15 [INFO] httpx: HTTP Request: HEAD https://huggingface.co/Systran/faster-whisper-base/resolve/ebe41f70d5b6dfa9166e2c581c45c9c0cfc57b66/vocabulary.txt "HTTP/1.1 307 Temporary Redirect"
2026-05-14 12:48:15 [INFO] httpx: HTTP Request: HEAD https://huggingface.co/api/resolve-cache/models/Systran/faster-whisper-base/ebe41f70d5b6dfa9166e2c581c45c9c0cfc57b66/tokenizer.json "HTTP/1.1 200 OK"
2026-05-14 12:48:15 [INFO] httpx: HTTP Request: GET https://huggingface.co/api/resolve-cache/models/Systran/faster-whisper-base/ebe41f70d5b6dfa9166e2c581c45c9c0cfc57b66/config.json "HTTP/1.1 200 OK"
2026-05-14 12:48:15 [INFO] httpx: HTTP Request: HEAD https://huggingface.co/api/resolve-cache/models/Systran/faster-whisper-base/ebe41f70d5b6dfa9166e2c581c45c9c0cfc57b66/vocabulary.txt "HTTP/1.1 200 OK"
2026-05-14 12:48:15 [INFO] httpx: HTTP Request: GET https://huggingface.co/api/resolve-cache/models/Systran/faster-whisper-base/ebe41f70d5b6dfa9166e2c581c45c9c0cfc57b66/tokenizer.json "HTTP/1.1 200 OK"
2026-05-14 12:48:15 [INFO] httpx: HTTP Request: GET https://huggingface.co/api/resolve-cache/models/Systran/faster-whisper-base/ebe41f70d5b6dfa9166e2c581c45c9c0cfc57b66/vocabulary.txt "HTTP/1.1 200 OK"
2026-05-14 12:48:16 [INFO] httpx: HTTP Request: GET https://huggingface.co/api/models/Systran/faster-whisper-base/xet-read-token/ebe41f70d5b6dfa9166e2c581c45c9c0cfc57b66 "HTTP/1.1 200 OK"
2026-05-14 12:48:27 [INFO] jarvis.listener: Whisper model loaded.
2026-05-14 12:48:27 [INFO] jarvis.intent: IntentEngine ready — 8 rules.
2026-05-14 12:48:31 [INFO] jarvis.main: JARVIS ready | Ctrl+Space=listen | Ctrl+Shift+X=stop | Ctrl+C=quit
2026-05-14 12:48:52 [WARNING] jarvis.main: Already processing. Ignoring trigger.
2026-05-14 12:49:04 [WARNING] jarvis.main: Already processing. Ignoring trigger.
2026-05-14 12:49:36 [WARNING] jarvis.main: EMERGENCY STOP triggered.
2026-05-14 12:49:36 [WARNING] jarvis.safety: Emergency stop engaged.
2026-05-14 12:49:36 [WARNING] jarvis.tts: TTS RuntimeError: run loop already started
2026-05-14 12:50:07 [INFO] jarvis.main: Shutting down.
2026-05-14 12:50:07 [WARNING] jarvis.tts: TTS RuntimeError: run loop already started
2026-05-14 12:56:01 [INFO] jarvis.settings: Logging ready → E:/Projects/JARVIS/logs\jarvis.log  level=INFO
2026-05-14 12:56:01 [INFO] jarvis.main: Initialising JARVIS modules…
2026-05-14 12:56:01 [INFO] comtypes.client._code_cache: Imported existing <module 'comtypes.gen' from 'C:\\Users\\User\\AppData\\Local\\Programs\\Python\\Python312\\Lib\\site-packages\\comtypes\\gen\\__init__.py'>
2026-05-14 12:56:01 [INFO] comtypes.client._code_cache: Using writeable comtypes cache directory: 'C:\Users\User\AppData\Local\Programs\Python\Python312\Lib\site-packages\comtypes\gen'
2026-05-14 12:56:01 [INFO] jarvis.tts: TTS engine ready.
2026-05-14 12:56:01 [INFO] jarvis.listener: Loading Whisper model 'base' …
2026-05-14 12:56:02 [INFO] httpx: HTTP Request: GET https://huggingface.co/api/models/Systran/faster-whisper-base/revision/main "HTTP/1.1 200 OK"
2026-05-14 12:56:03 [INFO] jarvis.listener: Whisper model loaded.
2026-05-14 12:56:03 [INFO] jarvis.intent: IntentEngine ready — 8 rules.
2026-05-14 12:56:06 [INFO] jarvis.main: JARVIS ready | Ctrl+Space=listen | Ctrl+Shift+X=stop | Ctrl+C=quit
2026-05-14 12:58:26 [INFO] jarvis.main: Shutting down.
2026-05-14 12:58:26 [WARNING] jarvis.tts: TTS RuntimeError: run loop already started
2026-05-14 13:00:38 [INFO] jarvis.settings: Logging ready → E:/Projects/JARVIS/logs\jarvis.log  level=INFO
2026-05-14 13:00:38 [INFO] jarvis.main: Initialising JARVIS modules…
2026-05-14 13:00:38 [INFO] comtypes.client._code_cache: Imported existing <module 'comtypes.gen' from 'C:\\Users\\User\\AppData\\Local\\Programs\\Python\\Python312\\Lib\\site-packages\\comtypes\\gen\\__init__.py'>
2026-05-14 13:00:38 [INFO] comtypes.client._code_cache: Using writeable comtypes cache directory: 'C:\Users\User\AppData\Local\Programs\Python\Python312\Lib\site-packages\comtypes\gen'
2026-05-14 13:00:38 [INFO] jarvis.tts: TTS engine ready.
2026-05-14 13:00:38 [INFO] jarvis.listener: Loading Whisper model 'base' …
2026-05-14 13:00:39 [INFO] httpx: HTTP Request: GET https://huggingface.co/api/models/Systran/faster-whisper-base/revision/main "HTTP/1.1 200 OK"
2026-05-14 13:00:39 [INFO] jarvis.listener: Whisper model loaded.
2026-05-14 13:00:39 [INFO] jarvis.intent: IntentEngine ready — 8 rules.
2026-05-14 13:00:43 [INFO] jarvis.main: JARVIS ready | Ctrl+Space=listen | Ctrl+Shift+X=stop | Ctrl+C=quit
2026-05-14 13:00:56 [INFO] jarvis.main: Shutting down.
2026-05-14 13:00:56 [WARNING] jarvis.tts: TTS RuntimeError: run loop already started
2026-05-14 13:01:28 [INFO] jarvis.settings: Logging ready → E:/Projects/JARVIS/logs\jarvis.log  level=INFO
2026-05-14 13:01:28 [INFO] jarvis.main: Initialising JARVIS modules…
2026-05-14 13:01:28 [INFO] comtypes.client._code_cache: Imported existing <module 'comtypes.gen' from 'C:\\Users\\User\\AppData\\Local\\Programs\\Python\\Python312\\Lib\\site-packages\\comtypes\\gen\\__init__.py'>
2026-05-14 13:01:28 [INFO] comtypes.client._code_cache: Using writeable comtypes cache directory: 'C:\Users\User\AppData\Local\Programs\Python\Python312\Lib\site-packages\comtypes\gen'
2026-05-14 13:01:28 [INFO] jarvis.tts: TTS engine ready.
2026-05-14 13:01:28 [INFO] jarvis.listener: Loading Whisper model 'base' …
2026-05-14 13:01:29 [INFO] httpx: HTTP Request: GET https://huggingface.co/api/models/Systran/faster-whisper-base/revision/main "HTTP/1.1 200 OK"
2026-05-14 13:01:29 [INFO] jarvis.listener: Whisper model loaded.
2026-05-14 13:01:29 [INFO] jarvis.intent: IntentEngine ready — 8 rules.
2026-05-14 13:01:33 [INFO] jarvis.main: JARVIS ready | Ctrl+Space=listen | Ctrl+Shift+X=stop | Ctrl+C=quit
2026-05-14 13:01:37 [WARNING] jarvis.main: Already processing. Ignoring trigger.
2026-05-14 13:01:40 [WARNING] jarvis.main: Already processing. Ignoring trigger.
2026-05-14 13:02:01 [INFO] jarvis.main: Shutting down.
2026-05-14 13:02:01 [WARNING] jarvis.tts: TTS RuntimeError: run loop already started
2026-05-14 13:33:41 [INFO] jarvis.settings: Logging ready → E:/Projects/JARVIS/logs\jarvis.log  level=INFO
2026-05-14 13:33:41 [INFO] jarvis.main: Initialising JARVIS modules…
2026-05-14 13:33:41 [INFO] comtypes.client._code_cache: Imported existing <module 'comtypes.gen' from 'C:\\Users\\User\\AppData\\Local\\Programs\\Python\\Python312\\Lib\\site-packages\\comtypes\\gen\\__init__.py'>
2026-05-14 13:33:41 [INFO] comtypes.client._code_cache: Using writeable comtypes cache directory: 'C:\Users\User\AppData\Local\Programs\Python\Python312\Lib\site-packages\comtypes\gen'
2026-05-14 13:33:41 [INFO] jarvis.tts: TTS engine ready.
2026-05-14 13:33:41 [INFO] jarvis.listener: Loading Whisper model 'base' …
2026-05-14 13:33:42 [INFO] httpx: HTTP Request: GET https://huggingface.co/api/models/Systran/faster-whisper-base/revision/main "HTTP/1.1 200 OK"
2026-05-14 13:33:43 [INFO] jarvis.listener: Whisper model loaded.
2026-05-14 13:33:43 [INFO] jarvis.intent: IntentEngine ready — 8 rules.
2026-05-14 13:33:48 [INFO] jarvis.main: JARVIS ready | Ctrl+Shift+Space=listen | Ctrl+Shift+X=stop | Ctrl+C=quit
2026-05-14 13:34:09 [WARNING] jarvis.main: Already processing. Ignoring trigger.
2026-05-14 13:34:17 [WARNING] jarvis.main: EMERGENCY STOP triggered.
2026-05-14 13:34:17 [WARNING] jarvis.safety: Emergency stop engaged.
2026-05-14 13:34:17 [WARNING] jarvis.tts: TTS RuntimeError: run loop already started
2026-05-14 13:34:23 [INFO] jarvis.main: Shutting down.
2026-05-14 13:34:23 [WARNING] jarvis.tts: TTS RuntimeError: run loop already started
2026-05-14 15:53:01 [INFO] jarvis.settings: Logging ready → E:/Projects/JARVIS/logs\jarvis.log  level=INFO
2026-05-14 15:53:01 [INFO] jarvis.main: Initialising JARVIS modules…
2026-05-14 15:53:01 [INFO] jarvis.tts: TTS engine ready (dedicated thread).
2026-05-14 15:53:01 [INFO] jarvis.listener: Loading Whisper model 'base' (English only)…
2026-05-14 15:53:01 [INFO] comtypes.client._code_cache: Imported existing <module 'comtypes.gen' from 'C:\\Users\\User\\AppData\\Local\\Programs\\Python\\Python312\\Lib\\site-packages\\comtypes\\gen\\__init__.py'>
2026-05-14 15:53:01 [INFO] comtypes.client._code_cache: Using writeable comtypes cache directory: 'C:\Users\User\AppData\Local\Programs\Python\Python312\Lib\site-packages\comtypes\gen'
2026-05-14 15:53:02 [INFO] httpx: HTTP Request: GET https://huggingface.co/api/models/Systran/faster-whisper-base/revision/main "HTTP/1.1 200 OK"
2026-05-14 15:53:03 [INFO] jarvis.listener: Whisper model loaded.
2026-05-14 15:53:03 [INFO] jarvis.intent: IntentEngine ready — 8 rules.
2026-05-14 15:53:03 [INFO] jarvis.main: JARVIS ready | listen=ctrl+shift+a | stop=ctrl+shift+x | quit=Ctrl+C
2026-05-14 15:53:12 [INFO] faster_whisper: Processing audio with duration 00:02.112
2026-05-14 15:53:12 [INFO] faster_whisper: VAD filter removed 00:00.000 of audio
2026-05-14 15:53:14 [INFO] jarvis.listener: Transcribed: I'm listening open
2026-05-14 15:53:14 [INFO] jarvis.main: Heard: I'm listening open
2026-05-14 15:53:14 [WARNING] jarvis.intent: No intent matched: "I'm listening open"
2026-05-14 15:53:34 [INFO] faster_whisper: Processing audio with duration 00:02.112
2026-05-14 15:53:34 [INFO] faster_whisper: VAD filter removed 00:02.112 of audio
2026-05-14 15:53:34 [INFO] jarvis.listener: Transcribed: 
2026-05-14 15:53:42 [INFO] faster_whisper: Processing audio with duration 00:02.112
2026-05-14 15:53:42 [INFO] faster_whisper: VAD filter removed 00:01.008 of audio
2026-05-14 15:53:43 [INFO] jarvis.listener: Transcribed: Open
2026-05-14 15:53:43 [INFO] jarvis.main: Heard: Open
2026-05-14 15:53:43 [WARNING] jarvis.intent: No intent matched: 'Open'
2026-05-14 15:53:50 [INFO] jarvis.main: Shutting down.
2026-05-14 16:16:52 [INFO] jarvis.settings: Logging ready → E:/Projects/JARVIS/logs\jarvis.log  level=INFO
2026-05-14 16:16:52 [INFO] jarvis.main: Initialising JARVIS modules…
2026-05-14 16:16:52 [INFO] jarvis.tts: TTS engine ready (dedicated thread).
2026-05-14 16:16:52 [INFO] jarvis.listener: Loading Whisper model 'base' (English only)…
2026-05-14 16:16:52 [INFO] comtypes.client._code_cache: Imported existing <module 'comtypes.gen' from 'C:\\Users\\User\\AppData\\Local\\Programs\\Python\\Python312\\Lib\\site-packages\\comtypes\\gen\\__init__.py'>
2026-05-14 16:16:52 [INFO] comtypes.client._code_cache: Using writeable comtypes cache directory: 'C:\Users\User\AppData\Local\Programs\Python\Python312\Lib\site-packages\comtypes\gen'
2026-05-14 16:16:53 [INFO] httpx: HTTP Request: GET https://huggingface.co/api/models/Systran/faster-whisper-base/revision/main "HTTP/1.1 200 OK"
2026-05-14 16:16:54 [INFO] jarvis.listener: Whisper model loaded.
2026-05-14 16:16:54 [INFO] jarvis.intent: IntentEngine ready — 8 rules.
2026-05-14 16:16:54 [INFO] jarvis.main: JARVIS ready | listen=ctrl+shift+a | stop=ctrl+shift+x | quit=Ctrl+C
2026-05-14 16:17:01 [INFO] faster_whisper: Processing audio with duration 00:02.112
2026-05-14 16:17:02 [INFO] faster_whisper: VAD filter removed 00:00.208 of audio
2026-05-14 16:17:03 [INFO] jarvis.listener: Transcribed: Listening.
2026-05-14 16:17:03 [INFO] jarvis.main: Heard: Listening.
2026-05-14 16:17:03 [WARNING] jarvis.intent: No intent matched: 'Listening.'
2026-05-14 16:17:26 [INFO] jarvis.main: Shutting down.
2026-05-14 16:19:21 [INFO] jarvis.settings: Logging ready → E:/Projects/JARVIS/logs\jarvis.log  level=INFO
2026-05-14 16:19:21 [INFO] jarvis.main: Initialising JARVIS modules…
2026-05-14 16:19:21 [INFO] jarvis.tts: TTS engine ready (dedicated thread).
2026-05-14 16:19:21 [INFO] jarvis.listener: Loading Whisper model 'base' (English only)…
2026-05-14 16:19:21 [INFO] comtypes.client._code_cache: Imported existing <module 'comtypes.gen' from 'C:\\Users\\User\\AppData\\Local\\Programs\\Python\\Python312\\Lib\\site-packages\\comtypes\\gen\\__init__.py'>
2026-05-14 16:19:21 [INFO] comtypes.client._code_cache: Using writeable comtypes cache directory: 'C:\Users\User\AppData\Local\Programs\Python\Python312\Lib\site-packages\comtypes\gen'
2026-05-14 16:19:22 [INFO] httpx: HTTP Request: GET https://huggingface.co/api/models/Systran/faster-whisper-base/revision/main "HTTP/1.1 200 OK"
2026-05-14 16:19:22 [INFO] jarvis.listener: Whisper model loaded.
2026-05-14 16:19:22 [INFO] jarvis.intent: IntentEngine ready — 8 rules.
2026-05-14 16:19:23 [INFO] jarvis.main: JARVIS ready | listen=ctrl+alt | stop=ctrl+shift+x | quit=Ctrl+C
2026-05-14 16:19:30 [INFO] faster_whisper: Processing audio with duration 00:02.112
2026-05-14 16:19:30 [INFO] faster_whisper: VAD filter removed 00:00.080 of audio
2026-05-14 16:19:31 [INFO] jarvis.listener: Transcribed: Listen
2026-05-14 16:19:31 [INFO] jarvis.main: Heard: Listen
2026-05-14 16:19:31 [WARNING] jarvis.intent: No intent matched: 'Listen'
2026-05-14 16:19:38 [INFO] jarvis.main: Shutting down.
2026-05-14 16:24:18 [INFO] jarvis.settings: Logging ready → E:/Projects/JARVIS/logs\jarvis.log  level=INFO
2026-05-14 16:24:18 [INFO] jarvis.main: Initialising JARVIS modules…
2026-05-14 16:24:18 [INFO] jarvis.tts: TTS engine ready (dedicated thread).
2026-05-14 16:24:18 [INFO] jarvis.listener: Loading Whisper model 'base' (English only)…
2026-05-14 16:24:18 [INFO] comtypes.client._code_cache: Imported existing <module 'comtypes.gen' from 'C:\\Users\\User\\AppData\\Local\\Programs\\Python\\Python312\\Lib\\site-packages\\comtypes\\gen\\__init__.py'>
2026-05-14 16:24:18 [INFO] comtypes.client._code_cache: Using writeable comtypes cache directory: 'C:\Users\User\AppData\Local\Programs\Python\Python312\Lib\site-packages\comtypes\gen'
2026-05-14 16:24:19 [INFO] httpx: HTTP Request: GET https://huggingface.co/api/models/Systran/faster-whisper-base/revision/main "HTTP/1.1 200 OK"
2026-05-14 16:24:19 [INFO] jarvis.listener: Whisper model loaded.
2026-05-14 16:24:19 [INFO] jarvis.intent: IntentEngine ready — 8 rules.
2026-05-14 16:24:19 [INFO] jarvis.main: JARVIS ready | listen=ctrl+alt | stop=ctrl+shift+x | quit=Ctrl+C
2026-05-14 16:24:28 [INFO] faster_whisper: Processing audio with duration 00:02.112
2026-05-14 16:24:28 [INFO] faster_whisper: VAD filter removed 00:02.112 of audio
2026-05-14 16:24:28 [INFO] jarvis.listener: Transcribed: 
2026-05-14 16:24:48 [INFO] jarvis.main: Shutting down.
2026-05-14 16:29:20 [INFO] jarvis.settings: Logging ready → E:/Projects/JARVIS/logs\jarvis.log  level=INFO
2026-05-14 16:29:20 [INFO] jarvis.main: Initialising JARVIS modules…
2026-05-14 16:29:20 [INFO] jarvis.tts: TTS engine ready (dedicated thread).
2026-05-14 16:29:20 [INFO] jarvis.listener: Loading Whisper model 'base' (English only)…
2026-05-14 16:29:21 [INFO] comtypes.client._code_cache: Imported existing <module 'comtypes.gen' from 'C:\\Users\\User\\AppData\\Local\\Programs\\Python\\Python312\\Lib\\site-packages\\comtypes\\gen\\__init__.py'>
2026-05-14 16:29:21 [INFO] comtypes.client._code_cache: Using writeable comtypes cache directory: 'C:\Users\User\AppData\Local\Programs\Python\Python312\Lib\site-packages\comtypes\gen'
2026-05-14 16:29:21 [INFO] httpx: HTTP Request: GET https://huggingface.co/api/models/Systran/faster-whisper-base/revision/main "HTTP/1.1 200 OK"
2026-05-14 16:29:22 [INFO] jarvis.listener: Whisper model loaded.
2026-05-14 16:29:22 [INFO] jarvis.intent: IntentEngine ready — 8 rules.
2026-05-14 16:29:22 [INFO] jarvis.main: JARVIS ready | listen=ctrl+alt | stop=ctrl+shift+x | quit=Ctrl+C
2026-05-14 16:29:27 [ERROR] jarvis.main: Unexpected error in run_turn: name 'time' is not defined
Traceback (most recent call last):
  File "E:\Projects\JARVIS\main.py", line 61, in run_turn
    time.sleep(0.5)
    ^^^^
NameError: name 'time' is not defined. Did you forget to import 'time'
2026-05-14 16:29:39 [INFO] jarvis.main: Shutting down.
2026-05-14 16:30:08 [INFO] jarvis.settings: Logging ready → E:/Projects/JARVIS/logs\jarvis.log  level=INFO
2026-05-14 16:30:08 [INFO] jarvis.main: Initialising JARVIS modules…
2026-05-14 16:30:08 [INFO] jarvis.tts: TTS engine ready (dedicated thread).
2026-05-14 16:30:08 [INFO] jarvis.listener: Loading Whisper model 'base' (English only)…
2026-05-14 16:30:08 [INFO] comtypes.client._code_cache: Imported existing <module 'comtypes.gen' from 'C:\\Users\\User\\AppData\\Local\\Programs\\Python\\Python312\\Lib\\site-packages\\comtypes\\gen\\__init__.py'>
2026-05-14 16:30:08 [INFO] comtypes.client._code_cache: Using writeable comtypes cache directory: 'C:\Users\User\AppData\Local\Programs\Python\Python312\Lib\site-packages\comtypes\gen'
2026-05-14 16:30:09 [INFO] httpx: HTTP Request: GET https://huggingface.co/api/models/Systran/faster-whisper-base/revision/main "HTTP/1.1 200 OK"
2026-05-14 16:30:10 [INFO] jarvis.listener: Whisper model loaded.
2026-05-14 16:30:10 [INFO] jarvis.intent: IntentEngine ready — 8 rules.
2026-05-14 16:30:10 [INFO] jarvis.main: JARVIS ready | listen=ctrl+alt | stop=ctrl+shift+x | quit=Ctrl+C
2026-05-14 16:30:17 [INFO] faster_whisper: Processing audio with duration 00:02.112
2026-05-14 16:30:18 [INFO] jarvis.listener: Transcribed: Listen
2026-05-14 16:30:18 [INFO] jarvis.main: Heard: Listen
2026-05-14 16:30:18 [WARNING] jarvis.intent: No intent matched: 'Listen'
2026-05-14 16:30:24 [INFO] faster_whisper: Processing audio with duration 00:02.112
2026-05-14 16:30:24 [INFO] jarvis.listener: Transcribed: Listening
2026-05-14 16:30:24 [INFO] jarvis.main: Heard: Listening
2026-05-14 16:30:24 [WARNING] jarvis.intent: No intent matched: 'Listening'
2026-05-14 16:30:32 [INFO] jarvis.main: Shutting down.
2026-05-14 16:33:45 [INFO] jarvis.settings: Logging ready → E:/Projects/JARVIS/logs\jarvis.log  level=INFO
2026-05-14 16:33:45 [INFO] jarvis.main: Initialising JARVIS modules…
2026-05-14 16:33:45 [INFO] jarvis.tts: TTS engine ready (dedicated thread).
2026-05-14 16:33:45 [INFO] jarvis.listener: Loading Whisper model 'base' (English only)…
2026-05-14 16:33:45 [INFO] comtypes.client._code_cache: Imported existing <module 'comtypes.gen' from 'C:\\Users\\User\\AppData\\Local\\Programs\\Python\\Python312\\Lib\\site-packages\\comtypes\\gen\\__init__.py'>
2026-05-14 16:33:45 [INFO] comtypes.client._code_cache: Using writeable comtypes cache directory: 'C:\Users\User\AppData\Local\Programs\Python\Python312\Lib\site-packages\comtypes\gen'
2026-05-14 16:33:46 [INFO] httpx: HTTP Request: GET https://huggingface.co/api/models/Systran/faster-whisper-base/revision/main "HTTP/1.1 200 OK"
2026-05-14 16:33:46 [INFO] jarvis.listener: Whisper model loaded.
2026-05-14 16:33:46 [INFO] jarvis.intent: IntentEngine ready — 8 rules.
2026-05-14 16:33:46 [INFO] jarvis.main: JARVIS ready | listen=ctrl+alt | stop=ctrl+shift+x | quit=Ctrl+C
2026-05-14 16:33:53 [INFO] faster_whisper: Processing audio with duration 00:02.112
2026-05-14 16:33:54 [INFO] jarvis.listener: Transcribed: Listening.
2026-05-14 16:33:54 [INFO] jarvis.main: Heard: Listening.
2026-05-14 16:33:54 [WARNING] jarvis.intent: No intent matched: 'Listening.'
2026-05-14 16:42:13 [INFO] jarvis.main: Shutting down.
2026-05-14 16:42:20 [INFO] jarvis.settings: Logging ready → E:/Projects/JARVIS/logs\jarvis.log  level=INFO
2026-05-14 16:42:20 [INFO] jarvis.main: Initialising JARVIS modules…
2026-05-14 16:42:20 [INFO] jarvis.tts: TTS engine ready (dedicated thread).
2026-05-14 16:42:20 [INFO] jarvis.listener: Loading Whisper model 'base' (English only)…
2026-05-14 16:42:20 [INFO] comtypes.client._code_cache: Imported existing <module 'comtypes.gen' from 'C:\\Users\\User\\AppData\\Local\\Programs\\Python\\Python312\\Lib\\site-packages\\comtypes\\gen\\__init__.py'>
2026-05-14 16:42:20 [INFO] comtypes.client._code_cache: Using writeable comtypes cache directory: 'C:\Users\User\AppData\Local\Programs\Python\Python312\Lib\site-packages\comtypes\gen'
2026-05-14 16:42:21 [INFO] httpx: HTTP Request: GET https://huggingface.co/api/models/Systran/faster-whisper-base/revision/main "HTTP/1.1 200 OK"
2026-05-14 16:42:21 [INFO] jarvis.listener: Whisper model loaded.
2026-05-14 16:42:21 [INFO] jarvis.intent: IntentEngine ready — 8 rules.
2026-05-14 16:42:21 [INFO] jarvis.main: JARVIS ready | listen=ctrl+alt | stop=ctrl+shift+x | quit=Ctrl+C
2026-05-14 16:42:31 [INFO] jarvis.listener: [LISTENER] Speech gate rejected: only 0.00s of speech detected (minimum 0.50s). Likely noise, TTS bleed, or mic click. Returning None — will NOT route to command handler.
2026-05-14 16:42:31 [INFO] jarvis.main: [MAIN] No valid speech detected. Prompting retry.
2026-05-14 16:42:43 [INFO] faster_whisper: Processing audio with duration 00:03.200
2026-05-14 16:42:44 [INFO] faster_whisper: VAD filter removed 00:01.912 of audio
2026-05-14 16:42:44 [INFO] jarvis.listener: [LISTENER] Transcription result: 'Open Outlook'
2026-05-14 16:42:44 [INFO] jarvis.main: [MAIN] Heard: 'Open Outlook'
2026-05-14 16:42:44 [INFO] jarvis.intent: Intent: open_outlook | params={}
2026-05-14 16:42:44 [INFO] jarvis.main: [MAIN] Intent matched: open_outlook | Params: {}
2026-05-14 16:42:51 [INFO] faster_whisper: Processing audio with duration 00:02.560
2026-05-14 16:42:51 [INFO] faster_whisper: VAD filter removed 00:01.552 of audio
2026-05-14 16:43:01 [INFO] jarvis.listener: [LISTENER] Confirmation result: True
2026-05-14 16:43:01 [INFO] jarvis.main: [MAIN] Confirmed. Executing action: open_outlook
2026-05-14 16:43:02 [INFO] jarvis.buyer_registry: BuyerRegistry loaded 1 buyer(s).
2026-05-14 16:43:10 [INFO] jarvis.audit: open_outlook | OK | params={} | Outlook চালু হচ্ছে।
2026-05-14 16:43:14 [INFO] jarvis.main: [MAIN] Ctrl+C received. Shutting down.
2026-05-14 16:52:03 [INFO] jarvis.settings: Logging ready → E:/Projects/JARVIS/logs\jarvis.log  level=INFO
2026-05-14 16:52:03 [INFO] jarvis.main: Initialising JARVIS modules…
2026-05-14 16:52:03 [INFO] jarvis.tts: TTS engine ready (dedicated thread).
2026-05-14 16:52:03 [INFO] jarvis.listener: Loading Whisper model 'base' (English only)…
2026-05-14 16:52:03 [INFO] comtypes.client._code_cache: Imported existing <module 'comtypes.gen' from 'C:\\Users\\User\\AppData\\Local\\Programs\\Python\\Python312\\Lib\\site-packages\\comtypes\\gen\\__init__.py'>
2026-05-14 16:52:03 [INFO] comtypes.client._code_cache: Using writeable comtypes cache directory: 'C:\Users\User\AppData\Local\Programs\Python\Python312\Lib\site-packages\comtypes\gen'
2026-05-14 16:52:04 [INFO] httpx: HTTP Request: GET https://huggingface.co/api/models/Systran/faster-whisper-base/revision/main "HTTP/1.1 200 OK"
2026-05-14 16:52:05 [INFO] jarvis.listener: Whisper model loaded.
2026-05-14 16:52:05 [INFO] jarvis.intent: IntentEngine ready — 8 rules.
2026-05-14 16:52:05 [INFO] jarvis.main: JARVIS ready | listen=ctrl+alt | stop=ctrl+shift+x | quit=Ctrl+C
2026-05-14 16:52:15 [INFO] jarvis.listener: [LISTENER] Speech gate rejected: only 0.13s of speech detected (minimum 0.50s). Likely noise, TTS bleed, or mic click. Returning None — will NOT route to command handler.
2026-05-14 16:52:15 [INFO] jarvis.main: [MAIN] No valid speech detected. Prompting retry.
2026-05-14 16:52:27 [INFO] jarvis.listener: [LISTENER] Speech gate rejected: only 0.26s of speech detected (minimum 0.50s). Likely noise, TTS bleed, or mic click. Returning None — will NOT route to command handler.
2026-05-14 16:52:27 [INFO] jarvis.main: [MAIN] No valid speech detected. Prompting retry.
2026-05-14 16:52:31 [INFO] jarvis.main: [MAIN] Ctrl+C received. Shutting down.
2026-05-16 14:21:00 [INFO] jarvis.settings: Logging ready → E:/Projects/JARVIS/logs\jarvis.log  level=INFO
2026-05-16 14:21:00 [INFO] jarvis.main: Initialising JARVIS modules…
2026-05-16 14:21:00 [INFO] jarvis.tts: TTS engine ready (dedicated thread).
2026-05-16 14:21:00 [INFO] jarvis.listener: Loading Whisper model 'base' (English only)…
2026-05-16 14:21:00 [INFO] comtypes.client._code_cache: Imported existing <module 'comtypes.gen' from 'C:\\Users\\User\\AppData\\Local\\Programs\\Python\\Python312\\Lib\\site-packages\\comtypes\\gen\\__init__.py'>
2026-05-16 14:21:00 [INFO] comtypes.client._code_cache: Using writeable comtypes cache directory: 'C:\Users\User\AppData\Local\Programs\Python\Python312\Lib\site-packages\comtypes\gen'
2026-05-16 14:21:02 [INFO] httpx: HTTP Request: GET https://huggingface.co/api/models/Systran/faster-whisper-base/revision/main "HTTP/1.1 200 OK"
2026-05-16 14:21:03 [INFO] jarvis.listener: Whisper model loaded.
2026-05-16 14:21:03 [INFO] jarvis.intent: IntentEngine ready — 8 rules.
2026-05-16 14:21:03 [INFO] jarvis.main: JARVIS ready | listen=ctrl+alt | stop=ctrl+shift+x | quit=Ctrl+C
2026-05-16 14:21:15 [INFO] faster_whisper: Processing audio with duration 00:03.904
2026-05-16 14:21:15 [INFO] faster_whisper: VAD filter removed 00:02.104 of audio
2026-05-16 14:21:16 [INFO] jarvis.listener: [LISTENER] Transcription result: 'Open Outlook'
2026-05-16 14:21:16 [INFO] jarvis.main: [MAIN] Heard: 'Open Outlook'
2026-05-16 14:21:16 [INFO] jarvis.intent: Intent: open_outlook | params={}
2026-05-16 14:21:16 [INFO] jarvis.main: [MAIN] Intent matched: open_outlook | Params: {}
2026-05-16 14:21:32 [INFO] jarvis.listener: [LISTENER] Confirmation timed out → treating as cancel.
2026-05-16 14:21:32 [INFO] jarvis.listener: [LISTENER] Confirmation result: False
2026-05-16 14:21:32 [INFO] jarvis.main: [MAIN] User cancelled action: open_outlook
2026-05-16 14:21:42 [INFO] faster_whisper: Processing audio with duration 00:03.264
2026-05-16 14:21:42 [INFO] faster_whisper: VAD filter removed 00:02.040 of audio
2026-05-16 14:21:43 [INFO] jarvis.listener: [LISTENER] Transcription result: 'Open Outlook'
2026-05-16 14:21:43 [INFO] jarvis.main: [MAIN] Heard: 'Open Outlook'
2026-05-16 14:21:43 [INFO] jarvis.intent: Intent: open_outlook | params={}
2026-05-16 14:21:43 [INFO] jarvis.main: [MAIN] Intent matched: open_outlook | Params: {}
2026-05-16 14:21:51 [INFO] faster_whisper: Processing audio with duration 00:03.712
2026-05-16 14:21:51 [INFO] faster_whisper: VAD filter removed 00:01.400 of audio
2026-05-16 14:22:02 [INFO] jarvis.listener: [LISTENER] Confirmation result: True
2026-05-16 14:22:02 [INFO] jarvis.main: [MAIN] Confirmed. Executing action: open_outlook
2026-05-16 14:22:02 [INFO] jarvis.buyer_registry: BuyerRegistry loaded 1 buyer(s).
2026-05-16 14:22:02 [INFO] jarvis.audit: open_outlook | OK | params={} | Outlook খোলা হয়েছে।
2026-05-16 14:22:10 [INFO] jarvis.main: [MAIN] Ctrl+C received. Shutting down.
2026-05-16 14:22:11 [INFO] jarvis.main: [MAIN] Ctrl+C received. Shutting down.
